#
# There is insufficient memory for the Java Runtime Environment to continue.
# Native memory allocation (malloc) failed to allocate 131088 bytes for Chunk::new
# Possible reasons:
#   The system is out of physical RAM or swap space
#   The process is running with CompressedOops enabled, and the Java Heap may be blocking the growth of the native heap
# Possible solutions:
#   Reduce memory load on the system
#   Increase physical memory or swap space
#   Check if swap backing store is full
#   Decrease Java heap size (-Xmx/-Xms)
#   Decrease number of Java threads
#   Decrease Java thread stack sizes (-Xss)
#   Set larger code cache with -XX:ReservedCodeCacheSize=
#   JVM is running with Unscaled Compressed Oops mode in which the Java heap is
#     placed in the first 4GB address space. The Java Heap base address is the
#     maximum limit for the native heap growth. Please use -XX:HeapBaseMinAddress
#     to set the Java Heap base and to place the Java Heap above 4GB virtual address.
# This output file may be truncated or incomplete.
#
#  Out of Memory Error (allocation.cpp:389), pid=8312, tid=0x00000000000015c0
#
# JRE version: Java(TM) SE Runtime Environment (8.0_401) (build 1.8.0_401-b10)
# Java VM: Java HotSpot(TM) 64-Bit Server VM (25.401-b10 mixed mode windows-amd64 compressed oops)
# Failed to write core dump. Minidumps are not enabled by default on client versions of Windows
#

---------------  T H R E A D  ---------------

Current thread (0x0000025f96db7800):  JavaThread "C2 CompilerThread0" daemon [_thread_in_native, id=5568, stack(0x000000a483800000,0x000000a483900000)]

Stack: [0x000000a483800000,0x000000a483900000]
Native frames: (J=compiled Java code, j=interpreted, Vv=VM code, C=native code)
V  [jvm.dll+0x3530d9]
V  [jvm.dll+0x290072]
V  [jvm.dll+0x290c3d]
V  [jvm.dll+0x285275]
V  [jvm.dll+0xdbbbc]
V  [jvm.dll+0xdc3cc]
V  [jvm.dll+0xdbf16]
V  [jvm.dll+0x4fa20f]
V  [jvm.dll+0x4953fc]
V  [jvm.dll+0x490ac1]
V  [jvm.dll+0x5039e5]
V  [jvm.dll+0x50163d]
V  [jvm.dll+0x4546e0]
V  [jvm.dll+0x47bbaf]
V  [jvm.dll+0x50bf3e]
V  [jvm.dll+0x503f85]
V  [jvm.dll+0x5035da]
V  [jvm.dll+0x50160c]
V  [jvm.dll+0x4546e0]
V  [jvm.dll+0x47bbaf]
V  [jvm.dll+0x50bf3e]
V  [jvm.dll+0x503f85]
V  [jvm.dll+0x5035da]
V  [jvm.dll+0x50160c]
V  [jvm.dll+0x4546e0]
V  [jvm.dll+0x46828e]
V  [jvm.dll+0x4523ac]
V  [jvm.dll+0xb08f6]
V  [jvm.dll+0xaefcf]
V  [jvm.dll+0x2515d2]
V  [jvm.dll+0x2acb3c]
C  [ucrtbase.dll+0x29333]
C  [KERNEL32.DLL+0x1257d]
C  [ntdll.dll+0x5af28]


Current CompileTask:
C2:  20782 2090       4       javax.swing.plaf.nimbus.NimbusStyle::validate (1178 bytes)


---------------  P R O C E S S  ---------------

Java Threads: ( => current thread )
  0x0000025f9e08f000 JavaThread "TimerQueue" daemon [_thread_blocked, id=9944, stack(0x000000a484900000,0x000000a484a00000)]
  0x0000025f99229000 JavaThread "D3D Screen Updater" daemon [_thread_blocked, id=13152, stack(0x000000a484800000,0x000000a484900000)]
  0x0000025f9902d800 JavaThread "mysql-cj-abandoned-connection-cleanup" daemon [_thread_blocked, id=6688, stack(0x000000a484700000,0x000000a484800000)]
  0x0000025f83395800 JavaThread "DestroyJavaVM" [_thread_blocked, id=1100, stack(0x000000a483000000,0x000000a483100000)]
  0x0000025f9794b800 JavaThread "AWT-EventQueue-0" [_thread_blocked, id=8852, stack(0x000000a483f00000,0x000000a484000000)]
  0x0000025f978e1000 JavaThread "AWT-Windows" daemon [_thread_in_native, id=3988, stack(0x000000a483e00000,0x000000a483f00000)]
  0x0000025f978df000 JavaThread "AWT-Shutdown" [_thread_blocked, id=8840, stack(0x000000a483d00000,0x000000a483e00000)]
  0x0000025f978de800 JavaThread "Java2D Disposer" daemon [_thread_blocked, id=988, stack(0x000000a483c00000,0x000000a483d00000)]
  0x0000025f96e11800 JavaThread "Service Thread" daemon [_thread_blocked, id=13684, stack(0x000000a483a00000,0x000000a483b00000)]
  0x0000025f96db9800 JavaThread "C1 CompilerThread1" daemon [_thread_blocked, id=5048, stack(0x000000a483900000,0x000000a483a00000)]
=>0x0000025f96db7800 JavaThread "C2 CompilerThread0" daemon [_thread_in_native, id=5568, stack(0x000000a483800000,0x000000a483900000)]
  0x0000025f96db4000 JavaThread "Attach Listener" daemon [_thread_blocked, id=8548, stack(0x000000a483700000,0x000000a483800000)]
  0x0000025f96db3000 JavaThread "Signal Dispatcher" daemon [_thread_blocked, id=6728, stack(0x000000a483600000,0x000000a483700000)]
  0x0000025f968c4000 JavaThread "Finalizer" daemon [_thread_blocked, id=11652, stack(0x000000a483500000,0x000000a483600000)]
  0x0000025f96d94000 JavaThread "Reference Handler" daemon [_thread_blocked, id=14724, stack(0x000000a483400000,0x000000a483500000)]

Other Threads:
  0x0000025f96d72800 VMThread [stack: 0x000000a483300000,0x000000a483400000] [id=8696]
  0x0000025f96e59800 WatcherThread [stack: 0x000000a483b00000,0x000000a483c00000] [id=13936]

VM state:not at safepoint (normal execution)

VM Mutex/Monitor currently owned by a thread: None

heap address: 0x00000000c9400000, size: 876 MB, Compressed Oops mode: 32-bit
Narrow klass base: 0x0000000000000000, Narrow klass shift: 3
Compressed class space size: 1073741824 Address: 0x0000000100000000

Heap:
 PSYoungGen      total 16896K, used 16883K [0x00000000edc00000, 0x00000000efd00000, 0x0000000100000000)
  eden space 14848K, 99% used [0x00000000edc00000,0x00000000eea7cef0,0x00000000eea80000)
  from space 2048K, 100% used [0x00000000eea80000,0x00000000eec80000,0x00000000eec80000)
  to   space 2048K, 0% used [0x00000000efb00000,0x00000000efb00000,0x00000000efd00000)
 ParOldGen       total 38400K, used 2507K [0x00000000c9400000, 0x00000000cb980000, 0x00000000edc00000)
  object space 38400K, 6% used [0x00000000c9400000,0x00000000c9672dc0,0x00000000cb980000)
 Metaspace       used 19183K, capacity 19510K, committed 19712K, reserved 1067008K
  class space    used 2386K, capacity 2485K, committed 2560K, reserved 1048576K

Card table byte_map: [0x0000025f93fc0000,0x0000025f94180000] byte_map_base: 0x0000025f93976000

Marking Bits: (ParMarkBitMap*) 0x00007ff8b8035fc0
 Begin Bits: [0x0000025f942b0000, 0x0000025f95060000)
 End Bits:   [0x0000025f95060000, 0x0000025f95e10000)

Polling page: 0x0000025f83300000

CodeCache: size=245760Kb used=6528Kb max_used=6528Kb free=239231Kb
 bounds [0x0000025f84c00000, 0x0000025f85270000, 0x0000025f93c00000]
 total_blobs=2673 nmethods=2090 adapters=496
 compilation: enabled

Compilation events (10 events):
Event: 20.712 Thread 0x0000025f96db7800 nmethod 2085 0x0000025f85237550 code [0x0000025f85237680, 0x0000025f852376d8]
Event: 20.712 Thread 0x0000025f96db7800 2086       4       javax.swing.JComponent::getWidth (5 bytes)
Event: 20.712 Thread 0x0000025f96db7800 nmethod 2086 0x0000025f851d8490 code [0x0000025f851d85c0, 0x0000025f851d8618]
Event: 20.713 Thread 0x0000025f96db9800 2087       3       sun.awt.image.VolatileSurfaceManager::initContents (40 bytes)
Event: 20.714 Thread 0x0000025f96db9800 nmethod 2087 0x0000025f8525ebd0 code [0x0000025f8525edc0, 0x0000025f8525f660]
Event: 20.714 Thread 0x0000025f96db9800 2089       3       sun.java2d.loops.MaskBlit::getFromCache (132 bytes)
Event: 20.718 Thread 0x0000025f96db9800 nmethod 2089 0x0000025f8525fa10 code [0x0000025f8525fe40, 0x0000025f85262800]
Event: 20.718 Thread 0x0000025f96db9800 2088       3       sun.java2d.SunGraphics2D::clearRect (49 bytes)
Event: 20.719 Thread 0x0000025f96db9800 nmethod 2088 0x0000025f8525e310 code [0x0000025f8525e4c0, 0x0000025f8525ea90]
Event: 20.720 Thread 0x0000025f96db7800 2090       4       javax.swing.plaf.nimbus.NimbusStyle::validate (1178 bytes)

GC Heap History (2 events):
Event: 3.234 GC heap before
{Heap before GC invocations=1 (full 0):
 PSYoungGen      total 16896K, used 14848K [0x00000000edc00000, 0x00000000eee80000, 0x0000000100000000)
  eden space 14848K, 100% used [0x00000000edc00000,0x00000000eea80000,0x00000000eea80000)
  from space 2048K, 0% used [0x00000000eec80000,0x00000000eec80000,0x00000000eee80000)
  to   space 2048K, 0% used [0x00000000eea80000,0x00000000eea80000,0x00000000eec80000)
 ParOldGen       total 38400K, used 0K [0x00000000c9400000, 0x00000000cb980000, 0x00000000edc00000)
  object space 38400K, 0% used [0x00000000c9400000,0x00000000c9400000,0x00000000cb980000)
 Metaspace       used 16012K, capacity 16242K, committed 16512K, reserved 1062912K
  class space    used 2055K, capacity 2151K, committed 2176K, reserved 1048576K
Event: 3.313 GC heap after
Heap after GC invocations=1 (full 0):
 PSYoungGen      total 16896K, used 2048K [0x00000000edc00000, 0x00000000efd00000, 0x0000000100000000)
  eden space 14848K, 0% used [0x00000000edc00000,0x00000000edc00000,0x00000000eea80000)
  from space 2048K, 100% used [0x00000000eea80000,0x00000000eec80000,0x00000000eec80000)
  to   space 2048K, 0% used [0x00000000efb00000,0x00000000efb00000,0x00000000efd00000)
 ParOldGen       total 38400K, used 2507K [0x00000000c9400000, 0x00000000cb980000, 0x00000000edc00000)
  object space 38400K, 6% used [0x00000000c9400000,0x00000000c9672dc0,0x00000000cb980000)
 Metaspace       used 16012K, capacity 16242K, committed 16512K, reserved 1062912K
  class space    used 2055K, capacity 2151K, committed 2176K, reserved 1048576K
}

Deoptimization events (10 events):
Event: 3.035 Thread 0x0000025f9794b800 Uncommon trap: reason=unstable_if action=reinterpret pc=0x0000025f84eec93c method=java.util.Properties.loadConvert([CII[C)Ljava/lang/String; @ 4
Event: 3.113 Thread 0x0000025f9794b800 Uncommon trap: reason=bimorphic action=maybe_recompile pc=0x0000025f84f30fac method=java.util.Properties$LineReader.readLine()I @ 62
Event: 3.114 Thread 0x0000025f9794b800 Uncommon trap: reason=class_check action=maybe_recompile pc=0x0000025f84f30fc8 method=java.util.Properties$LineReader.readLine()I @ 410
Event: 3.114 Thread 0x0000025f9794b800 Uncommon trap: reason=bimorphic action=maybe_recompile pc=0x0000025f84f30fac method=java.util.Properties$LineReader.readLine()I @ 62
Event: 3.642 Thread 0x0000025f9794b800 Uncommon trap: reason=class_check action=maybe_recompile pc=0x0000025f84da1da4 method=java.lang.String.equals(Ljava/lang/Object;)Z @ 8
Event: 3.646 Thread 0x0000025f9794b800 Uncommon trap: reason=class_check action=maybe_recompile pc=0x0000025f84da1da4 method=java.lang.String.equals(Ljava/lang/Object;)Z @ 8
Event: 4.226 Thread 0x0000025f9794b800 Uncommon trap: reason=unstable_if action=reinterpret pc=0x0000025f8502ef74 method=javax.swing.JComponent.getClientProperty(Ljava/lang/Object;)Ljava/lang/Object; @ 16
Event: 10.510 Thread 0x0000025f9794b800 Uncommon trap: reason=unstable_if action=reinterpret pc=0x0000025f84feaf14 method=java.awt.MultipleGradientPaintContext.indexIntoGradientsArrays(F)I @ 24
Event: 12.773 Thread 0x0000025f9794b800 Uncommon trap: reason=unstable_if action=reinterpret pc=0x0000025f85156ec0 method=java.awt.MultipleGradientPaintContext.indexIntoGradientsArrays(F)I @ 13
Event: 12.773 Thread 0x0000025f9794b800 Uncommon trap: reason=unstable_if action=reinterpret pc=0x0000025f8512c10c method=java.awt.MultipleGradientPaintContext.indexIntoGradientsArrays(F)I @ 13

Classes redefined (0 events):
No events

Internal exceptions (10 events):
Event: 0.909 Thread 0x0000025f83395800 Exception <a 'java/lang/ClassNotFoundException': ToolBar> (0x00000000edfa0d48) thrown at [C:\jenkins\workspace\8-2-build-windows-x64-cygwin-sans-NAS\jdk8u401\683\hotspot\src\share\vm\classfile\systemDictionary.cpp, line 213]
Event: 0.909 Thread 0x0000025f83395800 Exception <a 'java/lang/ClassNotFoundException': ToggleButton> (0x00000000edfa12f8) thrown at [C:\jenkins\workspace\8-2-build-windows-x64-cygwin-sans-NAS\jdk8u401\683\hotspot\src\share\vm\classfile\systemDictionary.cpp, line 213]
Event: 0.909 Thread 0x0000025f83395800 Exception <a 'java/lang/ClassNotFoundException': javax/swing/JToolBarSeparator> (0x00000000edfa1758) thrown at [C:\jenkins\workspace\8-2-build-windows-x64-cygwin-sans-NAS\jdk8u401\683\hotspot\src\share\vm\classfile\systemDictionary.cpp, line 213]
Event: 0.909 Thread 0x0000025f83395800 Exception <a 'java/lang/ClassNotFoundException': ToolBarSeparator> (0x00000000edfa1bf0) thrown at [C:\jenkins\workspace\8-2-build-windows-x64-cygwin-sans-NAS\jdk8u401\683\hotspot\src\share\vm\classfile\systemDictionary.cpp, line 213]
Event: 0.909 Thread 0x0000025f83395800 Exception <a 'java/lang/ClassNotFoundException': ToolTip> (0x00000000edfa2330) thrown at [C:\jenkins\workspace\8-2-build-windows-x64-cygwin-sans-NAS\jdk8u401\683\hotspot\src\share\vm\classfile\systemDictionary.cpp, line 213]
Event: 0.910 Thread 0x0000025f83395800 Exception <a 'java/lang/ClassNotFoundException': Tree> (0x00000000edfa2f50) thrown at [C:\jenkins\workspace\8-2-build-windows-x64-cygwin-sans-NAS\jdk8u401\683\hotspot\src\share\vm\classfile\systemDictionary.cpp, line 213]
Event: 0.910 Thread 0x0000025f83395800 Exception <a 'java/lang/ClassNotFoundException': Tree> (0x00000000edfa3690) thrown at [C:\jenkins\workspace\8-2-build-windows-x64-cygwin-sans-NAS\jdk8u401\683\hotspot\src\share\vm\classfile\systemDictionary.cpp, line 213]
Event: 0.910 Thread 0x0000025f83395800 Exception <a 'java/lang/ClassNotFoundException': javax/swing/JTreeCell> (0x00000000edfa3a10) thrown at [C:\jenkins\workspace\8-2-build-windows-x64-cygwin-sans-NAS\jdk8u401\683\hotspot\src\share\vm\classfile\systemDictionary.cpp, line 213]
Event: 0.911 Thread 0x0000025f83395800 Exception <a 'java/lang/ClassNotFoundException': TreeCell> (0x00000000edfa3e98) thrown at [C:\jenkins\workspace\8-2-build-windows-x64-cygwin-sans-NAS\jdk8u401\683\hotspot\src\share\vm\classfile\systemDictionary.cpp, line 213]
Event: 0.911 Thread 0x0000025f83395800 Exception <a 'java/lang/ClassNotFoundException': RootPane> (0x00000000edfa48f8) thrown at [C:\jenkins\workspace\8-2-build-windows-x64-cygwin-sans-NAS\jdk8u401\683\hotspot\src\share\vm\classfile\systemDictionary.cpp, line 213]

Events (10 events):
Event: 20.571 loading class sun/util/resources/CurrencyNames
Event: 20.571 loading class sun/util/resources/CurrencyNames done
Event: 20.571 loading class sun/util/resources/en/CurrencyNames_en_US
Event: 20.572 loading class sun/util/resources/en/CurrencyNames_en_US done
Event: 20.581 Executing VM operation: RevokeBias
Event: 20.581 Executing VM operation: RevokeBias done
Event: 20.587 Executing VM operation: RevokeBias
Event: 20.588 Executing VM operation: RevokeBias done
Event: 20.642 Executing VM operation: RevokeBias
Event: 20.642 Executing VM operation: RevokeBias done


Dynamic libraries:
0x00007ff7c4080000 - 0x00007ff7c40ca000 	C:\Program Files\Java\jdk-1.8\bin\java.exe
0x00007ff974d70000 - 0x00007ff974f87000 	C:\WINDOWS\SYSTEM32\ntdll.dll
0x00007ff974760000 - 0x00007ff974824000 	C:\WINDOWS\System32\KERNEL32.DLL
0x00007ff9720a0000 - 0x00007ff97244c000 	C:\WINDOWS\System32\KERNELBASE.dll
0x00007ff974a40000 - 0x00007ff974af2000 	C:\WINDOWS\System32\ADVAPI32.dll
0x00007ff972ab0000 - 0x00007ff972b57000 	C:\WINDOWS\System32\msvcrt.dll
0x00007ff973ab0000 - 0x00007ff973b5a000 	C:\WINDOWS\System32\sechost.dll
0x00007ff972780000 - 0x00007ff9727a8000 	C:\WINDOWS\System32\bcrypt.dll
0x00007ff974410000 - 0x00007ff974525000 	C:\WINDOWS\System32\RPCRT4.dll
0x00007ff973ba0000 - 0x00007ff973d4e000 	C:\WINDOWS\System32\USER32.dll
0x00007ff972570000 - 0x00007ff972596000 	C:\WINDOWS\System32\win32u.dll
0x00007ff973980000 - 0x00007ff9739a9000 	C:\WINDOWS\System32\GDI32.dll
0x00007ff972450000 - 0x00007ff972569000 	C:\WINDOWS\System32\gdi32full.dll
0x00007ff972820000 - 0x00007ff9728ba000 	C:\WINDOWS\System32\msvcp_win.dll
0x00007ff9725a0000 - 0x00007ff9726b1000 	C:\WINDOWS\System32\ucrtbase.dll
0x00007ff957c30000 - 0x00007ff957ec3000 	C:\WINDOWS\WinSxS\amd64_microsoft.windows.common-controls_6595b64144ccf1df_6.0.22621.3672_none_2713b9d173822955\COMCTL32.dll
0x00007ff973b60000 - 0x00007ff973b91000 	C:\WINDOWS\System32\IMM32.DLL
0x00007ff95e3a0000 - 0x00007ff95e3bb000 	C:\Program Files\Java\jdk-1.8\jre\bin\vcruntime140.dll
0x00007ff95e670000 - 0x00007ff95e67c000 	C:\Program Files\Java\jdk-1.8\jre\bin\vcruntime140_1.dll
0x00007ff93c790000 - 0x00007ff93c81e000 	C:\Program Files\Java\jdk-1.8\jre\bin\msvcp140.dll
0x00007ff8b7800000 - 0x00007ff8b80b0000 	C:\Program Files\Java\jdk-1.8\jre\bin\server\jvm.dll
0x00007ff973530000 - 0x00007ff973538000 	C:\WINDOWS\System32\PSAPI.DLL
0x00007ff956a00000 - 0x00007ff956a09000 	C:\WINDOWS\SYSTEM32\WSOCK32.dll
0x00007ff974390000 - 0x00007ff974401000 	C:\WINDOWS\System32\WS2_32.dll
0x00007ff96be90000 - 0x00007ff96bec4000 	C:\WINDOWS\SYSTEM32\WINMM.dll
0x00007ff969490000 - 0x00007ff96949a000 	C:\WINDOWS\SYSTEM32\VERSION.dll
0x00007ff9710d0000 - 0x00007ff9710e8000 	C:\WINDOWS\SYSTEM32\kernel.appcore.dll
0x00007ff9569f0000 - 0x00007ff956a00000 	C:\Program Files\Java\jdk-1.8\jre\bin\verify.dll
0x00007ff9568c0000 - 0x00007ff9568eb000 	C:\Program Files\Java\jdk-1.8\jre\bin\java.dll
0x00007ff946a20000 - 0x00007ff946a38000 	C:\Program Files\Java\jdk-1.8\jre\bin\zip.dll
0x00007ff972bd0000 - 0x00007ff97342c000 	C:\WINDOWS\System32\SHELL32.dll
0x00007ff96fff0000 - 0x00007ff9708e7000 	C:\WINDOWS\SYSTEM32\windows.storage.dll
0x00007ff973550000 - 0x00007ff9738d8000 	C:\WINDOWS\System32\combase.dll
0x00007ff96feb0000 - 0x00007ff96ffef000 	C:\WINDOWS\SYSTEM32\wintypes.dll
0x00007ff9739b0000 - 0x00007ff973aa4000 	C:\WINDOWS\System32\SHCORE.dll
0x00007ff974550000 - 0x00007ff9745ae000 	C:\WINDOWS\System32\shlwapi.dll
0x00007ff971fd0000 - 0x00007ff971ff1000 	C:\WINDOWS\SYSTEM32\profapi.dll
0x00007ff912a00000 - 0x00007ff912b7f000 	C:\Program Files\Java\jdk-1.8\jre\bin\awt.dll
0x00007ff974960000 - 0x00007ff974a37000 	C:\WINDOWS\System32\OLEAUT32.dll
0x00007ff96f060000 - 0x00007ff96f0f7000 	C:\WINDOWS\SYSTEM32\apphelp.dll
0x00007ff96f620000 - 0x00007ff96f6ca000 	C:\WINDOWS\system32\uxtheme.dll
0x00007ff9741d0000 - 0x00007ff974323000 	C:\WINDOWS\System32\MSCTF.dll
0x00007ff9745b0000 - 0x00007ff974755000 	C:\WINDOWS\System32\ole32.dll
0x00007ff972a30000 - 0x00007ff972aab000 	C:\WINDOWS\System32\bcryptPrimitives.dll
0x00007ff96fa40000 - 0x00007ff96fa6b000 	C:\WINDOWS\system32\DWMAPI.DLL
0x00007ff93c740000 - 0x00007ff93c78f000 	C:\Program Files\Java\jdk-1.8\jre\bin\fontmanager.dll
0x00007ff920ee0000 - 0x00007ff920fe0000 	C:\WINDOWS\system32\opengl32.dll
0x00007ff95e370000 - 0x00007ff95e39d000 	C:\WINDOWS\SYSTEM32\GLU32.dll
0x00007ff96f700000 - 0x00007ff96f739000 	C:\WINDOWS\SYSTEM32\dxcore.dll
0x00007ff905110000 - 0x00007ff9052b8000 	C:\WINDOWS\system32\d3d9.dll
0x00007ff9694a0000 - 0x00007ff96965b000 	C:\WINDOWS\System32\DriverStore\FileRepository\u0402279.inf_amd64_69a7d841d73a3298\B401510\aticfx64.dll
0x00007ff9459a0000 - 0x00007ff9459d4000 	C:\WINDOWS\System32\DriverStore\FileRepository\u0402279.inf_amd64_69a7d841d73a3298\B401510\atiu9p64.dll
0x00007ff8b6ab0000 - 0x00007ff8b77f7000 	C:\WINDOWS\System32\DriverStore\FileRepository\u0402279.inf_amd64_69a7d841d73a3298\B401510\atiumd64.dll
0x00007ff9667a0000 - 0x00007ff9669d2000 	C:\WINDOWS\SYSTEM32\dbghelp.dll
0x00007ff9585c0000 - 0x00007ff9585f2000 	C:\WINDOWS\SYSTEM32\dbgcore.DLL
0x00000000555d0000 - 0x00000000564e3000 	C:\WINDOWS\System32\DriverStore\FileRepository\u0402279.inf_amd64_69a7d841d73a3298\B401510\atiumd6a.dll
0x00007ff973d50000 - 0x00007ff9741c4000 	C:\WINDOWS\System32\SETUPAPI.dll
0x00007ff971f60000 - 0x00007ff971fad000 	C:\WINDOWS\SYSTEM32\POWRPROF.dll
0x00007ff971f40000 - 0x00007ff971f53000 	C:\WINDOWS\SYSTEM32\UMPDC.dll
0x00007ff967440000 - 0x00007ff967475000 	C:\WINDOWS\SYSTEM32\amdihk64.dll
0x00007ff96b7f0000 - 0x00007ff96b839000 	C:\WINDOWS\SYSTEM32\directxdatabasehelper.dll
0x00007ff9748b0000 - 0x00007ff974960000 	C:\WINDOWS\System32\clbcatq.dll
0x00007ff96f410000 - 0x00007ff96f5c0000 	C:\WINDOWS\SYSTEM32\WindowsCodecs.dll
0x00007ff94a950000 - 0x00007ff94a9ae000 	C:\WINDOWS\system32\dataexchange.dll
0x00007ff96a160000 - 0x00007ff96a3ea000 	C:\WINDOWS\system32\twinapi.appcore.dll
0x00007ff9451c0000 - 0x00007ff9451dc000 	C:\Program Files\Java\jdk-1.8\jre\bin\net.dll
0x00007ff971540000 - 0x00007ff9715a9000 	C:\WINDOWS\system32\mswsock.dll
0x00007ff942aa0000 - 0x00007ff942ab3000 	C:\Program Files\Java\jdk-1.8\jre\bin\nio.dll
0x00007ff933c40000 - 0x00007ff933c83000 	C:\Program Files\Java\jdk-1.8\jre\bin\t2k.dll
0x00007ff970c10000 - 0x00007ff970d08000 	C:\WINDOWS\SYSTEM32\DNSAPI.dll
0x00007ff970be0000 - 0x00007ff970c0d000 	C:\WINDOWS\SYSTEM32\IPHLPAPI.DLL
0x00007ff973540000 - 0x00007ff973549000 	C:\WINDOWS\System32\NSI.dll
0x00007ff95c3e0000 - 0x00007ff95c3ea000 	C:\Windows\System32\rasadhlp.dll
0x00007ff969a20000 - 0x00007ff969aa3000 	C:\WINDOWS\System32\fwpuclnt.dll
0x00007ff95dc50000 - 0x00007ff95dd9d000 	C:\WINDOWS\SYSTEM32\textinputframework.dll
0x00007ff93eda0000 - 0x00007ff93edca000 	C:\Program Files\Java\jdk-1.8\jre\bin\dcpr.dll
0x00007ff96ed70000 - 0x00007ff96eea3000 	C:\WINDOWS\SYSTEM32\CoreMessaging.dll
0x00007ff96b000000 - 0x00007ff96b36d000 	C:\WINDOWS\SYSTEM32\CoreUIComponents.dll
0x00007ff9717c0000 - 0x00007ff9717cc000 	C:\WINDOWS\SYSTEM32\CRYPTBASE.DLL
0x00007ff947c30000 - 0x00007ff947ce0000 	C:\WINDOWS\SYSTEM32\TextShaping.dll

VM Arguments:
jvm_args: -Dfile.encoding=UTF-8 
java_command: icecream
java_class_path (initial): C:\Users\HP\Downloads\mysql-connector-j-8.3.0.jar;D:\NEATBEANS\NEATBEANS\Hasil Ekstrak\lib\JasperReport\commons-beanutils-1.8.2.jar;D:\NEATBEANS\NEATBEANS\Hasil Ekstrak\lib\JasperReport\commons-collections-3.2.1.jar;D:\NEATBEANS\NEATBEANS\Hasil Ekstrak\lib\JasperReport\commons-digester-2.1.jar;D:\NEATBEANS\NEATBEANS\Hasil Ekstrak\lib\JasperReport\commons-logging-1.1.jar;D:\NEATBEANS\NEATBEANS\Hasil Ekstrak\lib\JasperReport\groovy-all-2.0.1.jar;D:\NEATBEANS\NEATBEANS\Hasil Ekstrak\lib\JasperReport\iText-2.1.7.js2.jar;D:\NEATBEANS\NEATBEANS\Hasil Ekstrak\lib\JasperReport\jasperreports-5.6.0.jar;D:\NEATBEANS\NEATBEANS\Hasil Ekstrak\lib\JasperReport\org-jdesktop-layout.jar;D:\apau\NetBeansProjects\UAS\build\classes
Launcher Type: SUN_STANDARD

Environment Variables:
PATH=C:\Program Files\Common Files\Oracle\Java\javapath;C:\Program Files (x86)\Common Files\Oracle\Java\javapath;C:\WINDOWS\system32;C:\WINDOWS;C:\WINDOWS\System32\Wbem;C:\WINDOWS\System32\WindowsPowerShell\v1.0\;C:\WINDOWS\System32\OpenSSH\;C:\Users\HP\AppData\Local\Microsoft\WindowsApps;C:\Users\HP\AppData\Local\Programs\Microsoft VS Code\bin;C:\Flutter\flutter;C:\android sdk\platform-tools-latest-windows\platform-tools;
USERNAME=HP
OS=Windows_NT
PROCESSOR_IDENTIFIER=AMD64 Family 23 Model 24 Stepping 1, AuthenticAMD



---------------  S Y S T E M  ---------------

OS: Windows 11 , 64 bit Build 22621 (10.0.22621.3672)

CPU:total 2 (initial active 2) (2 cores per cpu, 1 threads per core) family 23 model 24 stepping 1, cmov, cx8, fxsr, mmx, sse, sse2, sse3, ssse3, sse4.1, sse4.2, popcnt, avx, avx2, aes, clmul, mmxext, 3dnowpref, lzcnt, sse4a, tsc, tscinvbit, tscinv, bmi1

Memory: 4k page, physical 3583736k(126876k free), swap 14593784k(2612k free)

vm_info: Java HotSpot(TM) 64-Bit Server VM (25.401-b10) for windows-amd64 JRE (1.8.0_401-b10), built on Dec 19 2023 12:38:48 by "java_re" with MS VC++ 17.1 (VS2022)

time: Fri Jul  5 15:27:32 2024
timezone: SE Asia Standard Time
elapsed time: 20.791431 seconds (0d 0h 0m 20s)

